[2020-12-25 15:40:59,550] {taskinstance.py:826} INFO - Dependencies all met for <TaskInstance: foodpanda.t2 2020-12-25T07:40:55.964610+00:00 [queued]>
[2020-12-25 15:40:59,553] {taskinstance.py:826} INFO - Dependencies all met for <TaskInstance: foodpanda.t2 2020-12-25T07:40:55.964610+00:00 [queued]>
[2020-12-25 15:40:59,553] {taskinstance.py:1017} INFO - 
--------------------------------------------------------------------------------
[2020-12-25 15:40:59,553] {taskinstance.py:1018} INFO - Starting attempt 1 of 1
[2020-12-25 15:40:59,553] {taskinstance.py:1019} INFO - 
--------------------------------------------------------------------------------
[2020-12-25 15:40:59,561] {taskinstance.py:1038} INFO - Executing <Task(SSHOperator): t2> on 2020-12-25T07:40:55.964610+00:00
[2020-12-25 15:40:59,563] {standard_task_runner.py:51} INFO - Started process 14821 to run task
[2020-12-25 15:40:59,565] {standard_task_runner.py:75} INFO - Running: ['airflow', 'tasks', 'run', 'foodpanda', 't2', '2020-12-25T07:40:55.964610+00:00', '--job-id', '54', '--pool', 'default_pool', '--raw', '--subdir', 'DAGS_FOLDER/ssh_practice.py', '--cfg-path', '/tmp/tmp9363tri9']
[2020-12-25 15:40:59,566] {standard_task_runner.py:76} INFO - Job 54: Subtask t2
[2020-12-25 15:40:59,583] {logging_mixin.py:103} INFO - Running <TaskInstance: foodpanda.t2 2020-12-25T07:40:55.964610+00:00 [running]> on host dataiku
[2020-12-25 15:40:59,600] {taskinstance.py:1232} INFO - Exporting the following env vars:
AIRFLOW_CTX_DAG_OWNER=arthur.sl.lin
AIRFLOW_CTX_DAG_ID=foodpanda
AIRFLOW_CTX_TASK_ID=t2
AIRFLOW_CTX_EXECUTION_DATE=2020-12-25T07:40:55.964610+00:00
AIRFLOW_CTX_DAG_RUN_ID=manual__2020-12-25T07:40:55.964610+00:00
[2020-12-25 15:40:59,600] {ssh.py:90} INFO - ssh_hook is not provided or invalid. Trying ssh_conn_id to create SSHHook.
[2020-12-25 15:40:59,603] {base.py:74} INFO - Using connection to: id: crawler_server. Host: 172.16.16.119, Port: 22, Schema: , Login: ub, Password: XXXXXXXX, extra: None
[2020-12-25 15:40:59,603] {ssh.py:197} WARNING - Remote Identification Change is not verified. This wont protect against Man-In-The-Middle attacks
[2020-12-25 15:40:59,603] {ssh.py:202} WARNING - No Host Key Verification. This wont protect against Man-In-The-Middle attacks
[2020-12-25 15:40:59,607] {transport.py:1819} INFO - Connected (version 2.0, client OpenSSH_7.6p1)
[2020-12-25 15:40:59,617] {transport.py:1819} INFO - Authentication (password) successful!
[2020-12-25 15:40:59,617] {ssh.py:109} INFO - Running command: docker  ps -a 2>&1 | tee -a  test.txt
[2020-12-25 15:40:59,796] {ssh.py:141} INFO - CONTAINER ID        IMAGE                               COMMAND                  CREATED             STATUS                      PORTS               NAMES
0ceb726ad086        hello-world                         "/hello"                 1 second ago        Exited (0) 1 second ago                         friendly_hellman
e5de3414d54c        hello-world                         "/hello"                 3 minutes ago       Exited (0) 3 minutes ago                        determined_raman
0c498b847a99        hello-world                         "/hello"                 15 minutes ago      Exited (0) 15 minutes ago                       affectionate_spence
26b05ae85968        arthurtibame/foodpanda_scraper:v2   "scrapy crawl foodpa…"   5 hours ago         Up 5 hours                                      stoic_shockley
[2020-12-25 15:40:59,810] {taskinstance.py:1142} INFO - Marking task as SUCCESS. dag_id=foodpanda, task_id=t2, execution_date=20201225T074055, start_date=20201225T074059, end_date=20201225T074059
[2020-12-25 15:40:59,829] {taskinstance.py:1195} INFO - 1 downstream tasks scheduled from follow-on schedule check
[2020-12-25 15:40:59,857] {local_task_job.py:118} INFO - Task exited with return code 0
