[2020-12-25 15:55:17,614] {taskinstance.py:826} INFO - Dependencies all met for <TaskInstance: foodpanda.t2 2020-12-25T07:55:13.874935+00:00 [queued]>
[2020-12-25 15:55:17,617] {taskinstance.py:826} INFO - Dependencies all met for <TaskInstance: foodpanda.t2 2020-12-25T07:55:13.874935+00:00 [queued]>
[2020-12-25 15:55:17,617] {taskinstance.py:1017} INFO - 
--------------------------------------------------------------------------------
[2020-12-25 15:55:17,617] {taskinstance.py:1018} INFO - Starting attempt 1 of 1
[2020-12-25 15:55:17,617] {taskinstance.py:1019} INFO - 
--------------------------------------------------------------------------------
[2020-12-25 15:55:17,626] {taskinstance.py:1038} INFO - Executing <Task(SSHOperator): t2> on 2020-12-25T07:55:13.874935+00:00
[2020-12-25 15:55:17,628] {standard_task_runner.py:51} INFO - Started process 17341 to run task
[2020-12-25 15:55:17,630] {standard_task_runner.py:75} INFO - Running: ['airflow', 'tasks', 'run', 'foodpanda', 't2', '2020-12-25T07:55:13.874935+00:00', '--job-id', '62', '--pool', 'default_pool', '--raw', '--subdir', 'DAGS_FOLDER/ssh_practice.py', '--cfg-path', '/tmp/tmpqjdpg1ht']
[2020-12-25 15:55:17,630] {standard_task_runner.py:76} INFO - Job 62: Subtask t2
[2020-12-25 15:55:17,646] {logging_mixin.py:103} INFO - Running <TaskInstance: foodpanda.t2 2020-12-25T07:55:13.874935+00:00 [running]> on host dataiku
[2020-12-25 15:55:17,662] {taskinstance.py:1232} INFO - Exporting the following env vars:
AIRFLOW_CTX_DAG_OWNER=arthur.sl.lin
AIRFLOW_CTX_DAG_ID=foodpanda
AIRFLOW_CTX_TASK_ID=t2
AIRFLOW_CTX_EXECUTION_DATE=2020-12-25T07:55:13.874935+00:00
AIRFLOW_CTX_DAG_RUN_ID=manual__2020-12-25T07:55:13.874935+00:00
[2020-12-25 15:55:17,663] {ssh.py:90} INFO - ssh_hook is not provided or invalid. Trying ssh_conn_id to create SSHHook.
[2020-12-25 15:55:17,667] {base.py:74} INFO - Using connection to: id: crawler_server. Host: 172.16.16.119, Port: 22, Schema: , Login: ub, Password: XXXXXXXX, extra: None
[2020-12-25 15:55:17,667] {ssh.py:197} WARNING - Remote Identification Change is not verified. This wont protect against Man-In-The-Middle attacks
[2020-12-25 15:55:17,668] {ssh.py:202} WARNING - No Host Key Verification. This wont protect against Man-In-The-Middle attacks
[2020-12-25 15:55:17,671] {transport.py:1819} INFO - Connected (version 2.0, client OpenSSH_7.6p1)
[2020-12-25 15:55:17,681] {transport.py:1819} INFO - Authentication (password) successful!
[2020-12-25 15:55:17,681] {ssh.py:109} INFO - Running command: docker  ps -a 2>&1 | tee -a  test.txt
[2020-12-25 15:55:17,921] {ssh.py:141} INFO - CONTAINER ID        IMAGE                               COMMAND                  CREATED             STATUS                      PORTS               NAMES
0ceb726ad086        hello-world                         "/hello"                 14 minutes ago      Exited (0) 14 minutes ago                       friendly_hellman
e5de3414d54c        hello-world                         "/hello"                 17 minutes ago      Exited (0) 17 minutes ago                       determined_raman
0c498b847a99        hello-world                         "/hello"                 29 minutes ago      Exited (0) 29 minutes ago                       affectionate_spence
26b05ae85968        arthurtibame/foodpanda_scraper:v2   "scrapy crawl foodpa…"   5 hours ago         Up 5 hours                                      stoic_shockley
[2020-12-25 15:55:17,931] {taskinstance.py:1142} INFO - Marking task as SUCCESS. dag_id=foodpanda, task_id=t2, execution_date=20201225T075513, start_date=20201225T075517, end_date=20201225T075517
[2020-12-25 15:55:17,950] {taskinstance.py:1195} INFO - 1 downstream tasks scheduled from follow-on schedule check
[2020-12-25 15:55:17,962] {local_task_job.py:118} INFO - Task exited with return code 0
