[2020-12-25 15:03:37,551] {taskinstance.py:826} INFO - Dependencies all met for <TaskInstance: foodpanda.t1 2020-12-25T07:03:34.496511+00:00 [queued]>
[2020-12-25 15:03:37,554] {taskinstance.py:826} INFO - Dependencies all met for <TaskInstance: foodpanda.t1 2020-12-25T07:03:34.496511+00:00 [queued]>
[2020-12-25 15:03:37,554] {taskinstance.py:1017} INFO - 
--------------------------------------------------------------------------------
[2020-12-25 15:03:37,554] {taskinstance.py:1018} INFO - Starting attempt 1 of 1
[2020-12-25 15:03:37,554] {taskinstance.py:1019} INFO - 
--------------------------------------------------------------------------------
[2020-12-25 15:03:37,563] {taskinstance.py:1038} INFO - Executing <Task(SSHOperator): t1> on 2020-12-25T07:03:34.496511+00:00
[2020-12-25 15:03:37,565] {standard_task_runner.py:51} INFO - Started process 8355 to run task
[2020-12-25 15:03:37,566] {standard_task_runner.py:75} INFO - Running: ['airflow', 'tasks', 'run', 'foodpanda', 't1', '2020-12-25T07:03:34.496511+00:00', '--job-id', '50', '--pool', 'default_pool', '--raw', '--subdir', 'DAGS_FOLDER/ssh_practice.py', '--cfg-path', '/tmp/tmp27r4h5cw']
[2020-12-25 15:03:37,567] {standard_task_runner.py:76} INFO - Job 50: Subtask t1
[2020-12-25 15:03:37,583] {logging_mixin.py:103} INFO - Running <TaskInstance: foodpanda.t1 2020-12-25T07:03:34.496511+00:00 [running]> on host dataiku
[2020-12-25 15:03:37,589] {xcom.py:238} ERROR - Could not serialize the XCom value into JSON. If you are using pickles instead of JSON for XCom, then you need to enable pickle support for XCom in your airflow config.
[2020-12-25 15:03:37,590] {taskinstance.py:1396} ERROR - Object of type 'StrictUndefined' is not JSON serializable
Traceback (most recent call last):
  File "/home/ub/airflow/env/lib/python3.6/site-packages/airflow/models/taskinstance.py", line 1086, in _run_raw_task
    self._prepare_and_execute_task_with_callbacks(context, task)
  File "/home/ub/airflow/env/lib/python3.6/site-packages/airflow/models/taskinstance.py", line 1224, in _prepare_and_execute_task_with_callbacks
    self.render_templates(context=context)
  File "/home/ub/airflow/env/lib/python3.6/site-packages/airflow/models/taskinstance.py", line 1684, in render_templates
    self.task.render_template_fields(context)
  File "/home/ub/airflow/env/lib/python3.6/site-packages/airflow/models/baseoperator.py", line 857, in render_template_fields
    self._do_render_template_fields(self, self.template_fields, context, jinja_env, set())
  File "/home/ub/airflow/env/lib/python3.6/site-packages/airflow/models/baseoperator.py", line 870, in _do_render_template_fields
    rendered_content = self.render_template(content, context, jinja_env, seen_oids)
  File "/home/ub/airflow/env/lib/python3.6/site-packages/airflow/models/baseoperator.py", line 907, in render_template
    return jinja_env.from_string(content).render(**context)
  File "/home/ub/airflow/env/lib/python3.6/site-packages/jinja2/environment.py", line 1090, in render
    self.environment.handle_exception()
  File "/home/ub/airflow/env/lib/python3.6/site-packages/jinja2/environment.py", line 832, in handle_exception
    reraise(*rewrite_traceback_stack(source=source))
  File "/home/ub/airflow/env/lib/python3.6/site-packages/jinja2/_compat.py", line 28, in reraise
    raise value.with_traceback(tb)
  File "<template>", line 1, in top-level template code
  File "/home/ub/airflow/env/lib/python3.6/site-packages/airflow/utils/session.py", line 65, in wrapper
    return func(*args, session=session, **kwargs)
  File "/home/ub/airflow/env/lib/python3.6/site-packages/airflow/models/taskinstance.py", line 1833, in xcom_push
    session=session,
  File "/home/ub/airflow/env/lib/python3.6/site-packages/airflow/utils/session.py", line 62, in wrapper
    return func(*args, **kwargs)
  File "/home/ub/airflow/env/lib/python3.6/site-packages/airflow/models/xcom.py", line 88, in set
    value = XCom.serialize_value(value)
  File "/home/ub/airflow/env/lib/python3.6/site-packages/airflow/models/xcom.py", line 235, in serialize_value
    return json.dumps(value).encode('UTF-8')
  File "/usr/lib/python3.6/json/__init__.py", line 231, in dumps
    return _default_encoder.encode(obj)
  File "/usr/lib/python3.6/json/encoder.py", line 199, in encode
    chunks = self.iterencode(o, _one_shot=True)
  File "/usr/lib/python3.6/json/encoder.py", line 257, in iterencode
    return _iterencode(o, 0)
  File "/usr/lib/python3.6/json/encoder.py", line 180, in default
    o.__class__.__name__)
TypeError: Object of type 'StrictUndefined' is not JSON serializable
[2020-12-25 15:03:37,592] {taskinstance.py:1440} INFO - Marking task as FAILED. dag_id=foodpanda, task_id=t1, execution_date=20201225T070334, start_date=20201225T070337, end_date=20201225T070337
[2020-12-25 15:03:37,618] {local_task_job.py:118} INFO - Task exited with return code 1
