[2020-12-25 15:55:16,574] {taskinstance.py:826} INFO - Dependencies all met for <TaskInstance: foodpanda.also_run_this 2020-12-25T07:55:13.874935+00:00 [queued]>
[2020-12-25 15:55:16,578] {taskinstance.py:826} INFO - Dependencies all met for <TaskInstance: foodpanda.also_run_this 2020-12-25T07:55:13.874935+00:00 [queued]>
[2020-12-25 15:55:16,578] {taskinstance.py:1017} INFO - 
--------------------------------------------------------------------------------
[2020-12-25 15:55:16,578] {taskinstance.py:1018} INFO - Starting attempt 1 of 1
[2020-12-25 15:55:16,578] {taskinstance.py:1019} INFO - 
--------------------------------------------------------------------------------
[2020-12-25 15:55:16,587] {taskinstance.py:1038} INFO - Executing <Task(BashOperator): also_run_this> on 2020-12-25T07:55:13.874935+00:00
[2020-12-25 15:55:16,589] {standard_task_runner.py:51} INFO - Started process 17329 to run task
[2020-12-25 15:55:16,592] {standard_task_runner.py:75} INFO - Running: ['airflow', 'tasks', 'run', 'foodpanda', 'also_run_this', '2020-12-25T07:55:13.874935+00:00', '--job-id', '61', '--pool', 'default_pool', '--raw', '--subdir', 'DAGS_FOLDER/ssh_practice.py', '--cfg-path', '/tmp/tmpo82wdt6t']
[2020-12-25 15:55:16,593] {standard_task_runner.py:76} INFO - Job 61: Subtask also_run_this
[2020-12-25 15:55:16,611] {logging_mixin.py:103} INFO - Running <TaskInstance: foodpanda.also_run_this 2020-12-25T07:55:13.874935+00:00 [running]> on host dataiku
[2020-12-25 15:55:16,627] {taskinstance.py:1232} INFO - Exporting the following env vars:
AIRFLOW_CTX_DAG_OWNER=arthur.sl.lin
AIRFLOW_CTX_DAG_ID=foodpanda
AIRFLOW_CTX_TASK_ID=also_run_this
AIRFLOW_CTX_EXECUTION_DATE=2020-12-25T07:55:13.874935+00:00
AIRFLOW_CTX_DAG_RUN_ID=manual__2020-12-25T07:55:13.874935+00:00
[2020-12-25 15:55:16,627] {bash.py:135} INFO - Tmp dir root location: 
 /tmp
[2020-12-25 15:55:16,628] {bash.py:158} INFO - Running command: echo "run_id=manual__2020-12-25T07:55:13.874935+00:00 | dag_run=<DagRun foodpanda @ 2020-12-25 07:55:13.874935+00:00: manual__2020-12-25T07:55:13.874935+00:00, externally triggered: True>"
[2020-12-25 15:55:16,632] {bash.py:169} INFO - Output:
[2020-12-25 15:55:16,632] {bash.py:173} INFO - run_id=manual__2020-12-25T07:55:13.874935+00:00 | dag_run=<DagRun foodpanda @ 2020-12-25 07:55:13.874935+00:00: manual__2020-12-25T07:55:13.874935+00:00, externally triggered: True>
[2020-12-25 15:55:16,632] {bash.py:177} INFO - Command exited with return code 0
[2020-12-25 15:55:16,643] {taskinstance.py:1142} INFO - Marking task as SUCCESS. dag_id=foodpanda, task_id=also_run_this, execution_date=20201225T075513, start_date=20201225T075516, end_date=20201225T075516
[2020-12-25 15:55:16,660] {taskinstance.py:1195} INFO - 1 downstream tasks scheduled from follow-on schedule check
[2020-12-25 15:55:16,683] {local_task_job.py:118} INFO - Task exited with return code 0
