[2020-12-28 13:37:43,142] {taskinstance.py:826} INFO - Dependencies all met for <TaskInstance: foodpanda.t1 2020-12-28T05:37:40.421899+00:00 [queued]>
[2020-12-28 13:37:43,154] {taskinstance.py:826} INFO - Dependencies all met for <TaskInstance: foodpanda.t1 2020-12-28T05:37:40.421899+00:00 [queued]>
[2020-12-28 13:37:43,154] {taskinstance.py:1017} INFO - 
--------------------------------------------------------------------------------
[2020-12-28 13:37:43,154] {taskinstance.py:1018} INFO - Starting attempt 1 of 1
[2020-12-28 13:37:43,154] {taskinstance.py:1019} INFO - 
--------------------------------------------------------------------------------
[2020-12-28 13:37:43,161] {taskinstance.py:1038} INFO - Executing <Task(SSHOperator): t1> on 2020-12-28T05:37:40.421899+00:00
[2020-12-28 13:37:43,163] {standard_task_runner.py:51} INFO - Started process 29749 to run task
[2020-12-28 13:37:43,166] {standard_task_runner.py:75} INFO - Running: ['airflow', 'tasks', 'run', 'foodpanda', 't1', '2020-12-28T05:37:40.421899+00:00', '--job-id', '7', '--pool', 'default_pool', '--raw', '--subdir', 'DAGS_FOLDER/ssh_practice.py', '--cfg-path', '/tmp/tmpf3q_tu3k']
[2020-12-28 13:37:43,166] {standard_task_runner.py:76} INFO - Job 7: Subtask t1
[2020-12-28 13:37:43,223] {logging_mixin.py:103} INFO - Running <TaskInstance: foodpanda.t1 2020-12-28T05:37:40.421899+00:00 [running]> on host dataiku
[2020-12-28 13:37:43,262] {taskinstance.py:1232} INFO - Exporting the following env vars:
AIRFLOW_CTX_DAG_OWNER=arthur.sl.lin
AIRFLOW_CTX_DAG_ID=foodpanda
AIRFLOW_CTX_TASK_ID=t1
AIRFLOW_CTX_EXECUTION_DATE=2020-12-28T05:37:40.421899+00:00
AIRFLOW_CTX_DAG_RUN_ID=manual__2020-12-28T05:37:40.421899+00:00
[2020-12-28 13:37:43,262] {ssh.py:90} INFO - ssh_hook is not provided or invalid. Trying ssh_conn_id to create SSHHook.
[2020-12-28 13:37:43,271] {base.py:74} INFO - Using connection to: id: crawler_server. Host: 172.16.16.105, Port: 22, Schema: , Login: ub, Password: XXXXXXXX, extra: None
[2020-12-28 13:37:43,271] {ssh.py:197} WARNING - Remote Identification Change is not verified. This wont protect against Man-In-The-Middle attacks
[2020-12-28 13:37:43,272] {ssh.py:202} WARNING - No Host Key Verification. This wont protect against Man-In-The-Middle attacks
[2020-12-28 13:37:43,293] {transport.py:1819} INFO - Connected (version 2.0, client OpenSSH_7.6p1)
[2020-12-28 13:37:43,396] {transport.py:1819} INFO - Authentication (password) successful!
[2020-12-28 13:37:43,396] {ssh.py:109} INFO - Running command: echo "airflow"
[2020-12-28 13:37:44,131] {ssh.py:141} INFO - airflow
[2020-12-28 13:37:44,156] {taskinstance.py:1142} INFO - Marking task as SUCCESS. dag_id=foodpanda, task_id=t1, execution_date=20201228T053740, start_date=20201228T053743, end_date=20201228T053744
[2020-12-28 13:37:44,183] {taskinstance.py:1195} INFO - 1 downstream tasks scheduled from follow-on schedule check
[2020-12-28 13:37:44,219] {local_task_job.py:118} INFO - Task exited with return code 0
