[2020-12-25 15:23:32,002] {taskinstance.py:826} INFO - Dependencies all met for <TaskInstance: foodpanda.t2 2020-12-25T07:23:27.526503+00:00 [queued]>
[2020-12-25 15:23:32,005] {taskinstance.py:826} INFO - Dependencies all met for <TaskInstance: foodpanda.t2 2020-12-25T07:23:27.526503+00:00 [queued]>
[2020-12-25 15:23:32,005] {taskinstance.py:1017} INFO - 
--------------------------------------------------------------------------------
[2020-12-25 15:23:32,005] {taskinstance.py:1018} INFO - Starting attempt 1 of 1
[2020-12-25 15:23:32,005] {taskinstance.py:1019} INFO - 
--------------------------------------------------------------------------------
[2020-12-25 15:23:32,013] {taskinstance.py:1038} INFO - Executing <Task(SSHOperator): t2> on 2020-12-25T07:23:27.526503+00:00
[2020-12-25 15:23:32,015] {standard_task_runner.py:51} INFO - Started process 11807 to run task
[2020-12-25 15:23:32,017] {standard_task_runner.py:75} INFO - Running: ['airflow', 'tasks', 'run', 'foodpanda', 't2', '2020-12-25T07:23:27.526503+00:00', '--job-id', '48', '--pool', 'default_pool', '--raw', '--subdir', 'DAGS_FOLDER/ssh_practice.py', '--cfg-path', '/tmp/tmphk80cjur']
[2020-12-25 15:23:32,018] {standard_task_runner.py:76} INFO - Job 48: Subtask t2
[2020-12-25 15:23:32,035] {logging_mixin.py:103} INFO - Running <TaskInstance: foodpanda.t2 2020-12-25T07:23:27.526503+00:00 [running]> on host dataiku
[2020-12-25 15:23:32,052] {taskinstance.py:1232} INFO - Exporting the following env vars:
AIRFLOW_CTX_DAG_OWNER=arthur.sl.lin
AIRFLOW_CTX_DAG_ID=foodpanda
AIRFLOW_CTX_TASK_ID=t2
AIRFLOW_CTX_EXECUTION_DATE=2020-12-25T07:23:27.526503+00:00
AIRFLOW_CTX_DAG_RUN_ID=manual__2020-12-25T07:23:27.526503+00:00
[2020-12-25 15:23:32,053] {ssh.py:90} INFO - ssh_hook is not provided or invalid. Trying ssh_conn_id to create SSHHook.
[2020-12-25 15:23:32,056] {base.py:74} INFO - Using connection to: id: crawler_server. Host: 172.16.16.119, Port: 22, Schema: , Login: ub, Password: XXXXXXXX, extra: None
[2020-12-25 15:23:32,056] {ssh.py:197} WARNING - Remote Identification Change is not verified. This wont protect against Man-In-The-Middle attacks
[2020-12-25 15:23:32,057] {ssh.py:202} WARNING - No Host Key Verification. This wont protect against Man-In-The-Middle attacks
[2020-12-25 15:23:32,062] {transport.py:1819} INFO - Connected (version 2.0, client OpenSSH_7.6p1)
[2020-12-25 15:23:32,074] {transport.py:1819} INFO - Authentication (password) successful!
[2020-12-25 15:23:32,075] {ssh.py:109} INFO - Running command: docker  ps -a 2>&1 | tee -a  test.txt
[2020-12-25 15:23:32,275] {ssh.py:141} INFO - CONTAINER ID        IMAGE                               COMMAND                  CREATED             STATUS                         PORTS               NAMES
e64aba771c5b        hello-world                         "/hello"                 2 seconds ago       Exited (0) 1 second ago                            wizardly_austin
6eb275bcd348        hello-world                         "/hello"                 10 minutes ago      Exited (0) 10 minutes ago                          cool_golick
7c781eef6398        hello-world                         "None"                   39 minutes ago      Created                                            suspicious_hoover
34e09e15c849        hello-world                         "/hello"                 47 minutes ago      Exited (0) 47 minutes ago                          wonderful_maxwell
6e752fa9a693        hello-world                         "/hello"                 About an hour ago   Exited (0) About an hour ago                       awesome_ride
097b62a22ebc        hello-world                         "/hello"                 About an hour ago   Exited (0) About an hour ago                       nifty_varahamihira
ae92f1a60dcb        hello-world                         "/hello"                 About an hour ago   Exited (0) About an hour ago                       nervous_haslett
6f0f99722163        hello-world                         "/hello"                 3 hours ago         Exited (0) 3 hours ago                             sharp_franklin
26b05ae85968        arthurtibame/foodpanda_scraper:v2   "scrapy crawl foodpa…"   5 hours ago         Up 5 hours                                         stoic_shockley
[2020-12-25 15:23:32,287] {taskinstance.py:1142} INFO - Marking task as SUCCESS. dag_id=foodpanda, task_id=t2, execution_date=20201225T072327, start_date=20201225T072332, end_date=20201225T072332
[2020-12-25 15:23:32,306] {taskinstance.py:1195} INFO - 1 downstream tasks scheduled from follow-on schedule check
[2020-12-25 15:23:32,309] {local_task_job.py:118} INFO - Task exited with return code 0
