[2020-12-24 17:00:09,509] {scheduler_job.py:181} INFO - Started process (PID=32503) to work on /home/ub/airflow/dags/first_dag.py
[2020-12-24 17:00:09,510] {scheduler_job.py:629} INFO - Processing file /home/ub/airflow/dags/first_dag.py for tasks to queue
[2020-12-24 17:00:09,510] {logging_mixin.py:103} INFO - [2020-12-24 17:00:09,510] {dagbag.py:440} INFO - Filling up the DagBag from /home/ub/airflow/dags/first_dag.py
[2020-12-24 17:00:09,510] {scheduler_job.py:641} WARNING - No viable dags retrieved from /home/ub/airflow/dags/first_dag.py
[2020-12-24 17:00:09,510] {scheduler_job.py:189} INFO - Processing /home/ub/airflow/dags/first_dag.py took 0.002 seconds
[2020-12-24 17:00:36,771] {scheduler_job.py:181} INFO - Started process (PID=32704) to work on /home/ub/airflow/dags/first_dag.py
[2020-12-24 17:00:36,772] {scheduler_job.py:629} INFO - Processing file /home/ub/airflow/dags/first_dag.py for tasks to queue
[2020-12-24 17:00:36,772] {logging_mixin.py:103} INFO - [2020-12-24 17:00:36,772] {dagbag.py:440} INFO - Filling up the DagBag from /home/ub/airflow/dags/first_dag.py
[2020-12-24 17:00:36,772] {scheduler_job.py:641} WARNING - No viable dags retrieved from /home/ub/airflow/dags/first_dag.py
[2020-12-24 17:00:36,773] {scheduler_job.py:189} INFO - Processing /home/ub/airflow/dags/first_dag.py took 0.002 seconds
[2020-12-24 17:01:03,179] {scheduler_job.py:181} INFO - Started process (PID=444) to work on /home/ub/airflow/dags/first_dag.py
[2020-12-24 17:01:03,180] {scheduler_job.py:629} INFO - Processing file /home/ub/airflow/dags/first_dag.py for tasks to queue
[2020-12-24 17:01:03,180] {logging_mixin.py:103} INFO - [2020-12-24 17:01:03,180] {dagbag.py:440} INFO - Filling up the DagBag from /home/ub/airflow/dags/first_dag.py
[2020-12-24 17:01:03,180] {scheduler_job.py:641} WARNING - No viable dags retrieved from /home/ub/airflow/dags/first_dag.py
[2020-12-24 17:01:03,180] {scheduler_job.py:189} INFO - Processing /home/ub/airflow/dags/first_dag.py took 0.002 seconds
[2020-12-24 17:01:31,077] {scheduler_job.py:181} INFO - Started process (PID=687) to work on /home/ub/airflow/dags/first_dag.py
[2020-12-24 17:01:31,077] {scheduler_job.py:629} INFO - Processing file /home/ub/airflow/dags/first_dag.py for tasks to queue
[2020-12-24 17:01:31,077] {logging_mixin.py:103} INFO - [2020-12-24 17:01:31,077] {dagbag.py:440} INFO - Filling up the DagBag from /home/ub/airflow/dags/first_dag.py
[2020-12-24 17:01:31,078] {scheduler_job.py:641} WARNING - No viable dags retrieved from /home/ub/airflow/dags/first_dag.py
[2020-12-24 17:01:31,078] {scheduler_job.py:189} INFO - Processing /home/ub/airflow/dags/first_dag.py took 0.002 seconds
[2020-12-24 17:01:56,968] {scheduler_job.py:181} INFO - Started process (PID=1056) to work on /home/ub/airflow/dags/first_dag.py
[2020-12-24 17:01:56,969] {scheduler_job.py:629} INFO - Processing file /home/ub/airflow/dags/first_dag.py for tasks to queue
[2020-12-24 17:01:56,969] {logging_mixin.py:103} INFO - [2020-12-24 17:01:56,969] {dagbag.py:440} INFO - Filling up the DagBag from /home/ub/airflow/dags/first_dag.py
[2020-12-24 17:01:56,969] {scheduler_job.py:641} WARNING - No viable dags retrieved from /home/ub/airflow/dags/first_dag.py
[2020-12-24 17:01:56,969] {scheduler_job.py:189} INFO - Processing /home/ub/airflow/dags/first_dag.py took 0.003 seconds
[2020-12-24 17:02:22,904] {scheduler_job.py:181} INFO - Started process (PID=1265) to work on /home/ub/airflow/dags/first_dag.py
[2020-12-24 17:02:22,904] {scheduler_job.py:629} INFO - Processing file /home/ub/airflow/dags/first_dag.py for tasks to queue
[2020-12-24 17:02:22,904] {logging_mixin.py:103} INFO - [2020-12-24 17:02:22,904] {dagbag.py:440} INFO - Filling up the DagBag from /home/ub/airflow/dags/first_dag.py
[2020-12-24 17:02:22,905] {scheduler_job.py:641} WARNING - No viable dags retrieved from /home/ub/airflow/dags/first_dag.py
[2020-12-24 17:02:22,905] {scheduler_job.py:189} INFO - Processing /home/ub/airflow/dags/first_dag.py took 0.002 seconds
[2020-12-24 17:02:49,796] {scheduler_job.py:181} INFO - Started process (PID=1468) to work on /home/ub/airflow/dags/first_dag.py
[2020-12-24 17:02:49,796] {scheduler_job.py:629} INFO - Processing file /home/ub/airflow/dags/first_dag.py for tasks to queue
[2020-12-24 17:02:49,797] {logging_mixin.py:103} INFO - [2020-12-24 17:02:49,797] {dagbag.py:440} INFO - Filling up the DagBag from /home/ub/airflow/dags/first_dag.py
[2020-12-24 17:02:49,797] {scheduler_job.py:641} WARNING - No viable dags retrieved from /home/ub/airflow/dags/first_dag.py
[2020-12-24 17:02:49,797] {scheduler_job.py:189} INFO - Processing /home/ub/airflow/dags/first_dag.py took 0.002 seconds
[2020-12-24 17:03:17,909] {scheduler_job.py:181} INFO - Started process (PID=1733) to work on /home/ub/airflow/dags/first_dag.py
[2020-12-24 17:03:17,909] {scheduler_job.py:629} INFO - Processing file /home/ub/airflow/dags/first_dag.py for tasks to queue
[2020-12-24 17:03:17,909] {logging_mixin.py:103} INFO - [2020-12-24 17:03:17,909] {dagbag.py:440} INFO - Filling up the DagBag from /home/ub/airflow/dags/first_dag.py
[2020-12-24 17:03:17,909] {scheduler_job.py:641} WARNING - No viable dags retrieved from /home/ub/airflow/dags/first_dag.py
[2020-12-24 17:03:17,910] {scheduler_job.py:189} INFO - Processing /home/ub/airflow/dags/first_dag.py took 0.002 seconds
[2020-12-24 17:03:44,595] {scheduler_job.py:181} INFO - Started process (PID=2140) to work on /home/ub/airflow/dags/first_dag.py
[2020-12-24 17:03:44,596] {scheduler_job.py:629} INFO - Processing file /home/ub/airflow/dags/first_dag.py for tasks to queue
[2020-12-24 17:03:44,596] {logging_mixin.py:103} INFO - [2020-12-24 17:03:44,596] {dagbag.py:440} INFO - Filling up the DagBag from /home/ub/airflow/dags/first_dag.py
[2020-12-24 17:03:44,596] {scheduler_job.py:641} WARNING - No viable dags retrieved from /home/ub/airflow/dags/first_dag.py
[2020-12-24 17:03:44,596] {scheduler_job.py:189} INFO - Processing /home/ub/airflow/dags/first_dag.py took 0.002 seconds
[2020-12-24 17:04:11,960] {scheduler_job.py:181} INFO - Started process (PID=2370) to work on /home/ub/airflow/dags/first_dag.py
[2020-12-24 17:04:11,961] {scheduler_job.py:629} INFO - Processing file /home/ub/airflow/dags/first_dag.py for tasks to queue
[2020-12-24 17:04:11,961] {logging_mixin.py:103} INFO - [2020-12-24 17:04:11,961] {dagbag.py:440} INFO - Filling up the DagBag from /home/ub/airflow/dags/first_dag.py
[2020-12-24 17:04:11,961] {scheduler_job.py:641} WARNING - No viable dags retrieved from /home/ub/airflow/dags/first_dag.py
[2020-12-24 17:04:11,962] {scheduler_job.py:189} INFO - Processing /home/ub/airflow/dags/first_dag.py took 0.002 seconds
