[2020-12-24 19:09:55,958] {scheduler_job.py:181} INFO - Started process (PID=27545) to work on /home/ub/airflow/dags/ssh_practice.py
[2020-12-24 19:09:55,958] {scheduler_job.py:629} INFO - Processing file /home/ub/airflow/dags/ssh_practice.py for tasks to queue
[2020-12-24 19:09:55,959] {logging_mixin.py:103} INFO - [2020-12-24 19:09:55,959] {dagbag.py:440} INFO - Filling up the DagBag from /home/ub/airflow/dags/ssh_practice.py
[2020-12-24 19:09:56,001] {scheduler_job.py:639} INFO - DAG(s) dict_keys(['foodpanda']) retrieved from /home/ub/airflow/dags/ssh_practice.py
[2020-12-24 19:09:56,002] {logging_mixin.py:103} INFO - [2020-12-24 19:09:56,001] {dag.py:1813} INFO - Sync 1 DAGs
[2020-12-24 19:09:56,007] {logging_mixin.py:103} INFO - [2020-12-24 19:09:56,007] {dag.py:2266} INFO - Setting next_dagrun for foodpanda to 2020-12-25 10:28:29.151324+00:00
[2020-12-24 19:09:56,032] {scheduler_job.py:189} INFO - Processing /home/ub/airflow/dags/ssh_practice.py took 0.076 seconds
[2020-12-24 19:10:21,454] {scheduler_job.py:181} INFO - Started process (PID=27896) to work on /home/ub/airflow/dags/ssh_practice.py
[2020-12-24 19:10:21,455] {scheduler_job.py:629} INFO - Processing file /home/ub/airflow/dags/ssh_practice.py for tasks to queue
[2020-12-24 19:10:21,455] {logging_mixin.py:103} INFO - [2020-12-24 19:10:21,455] {dagbag.py:440} INFO - Filling up the DagBag from /home/ub/airflow/dags/ssh_practice.py
[2020-12-24 19:10:21,509] {scheduler_job.py:639} INFO - DAG(s) dict_keys(['foodpanda']) retrieved from /home/ub/airflow/dags/ssh_practice.py
[2020-12-24 19:10:21,510] {logging_mixin.py:103} INFO - [2020-12-24 19:10:21,509] {dag.py:1813} INFO - Sync 1 DAGs
[2020-12-24 19:10:21,516] {logging_mixin.py:103} INFO - [2020-12-24 19:10:21,516] {dag.py:2266} INFO - Setting next_dagrun for foodpanda to 2020-12-25 10:28:29.151324+00:00
[2020-12-24 19:10:21,520] {scheduler_job.py:189} INFO - Processing /home/ub/airflow/dags/ssh_practice.py took 0.068 seconds
[2020-12-24 19:10:46,626] {scheduler_job.py:181} INFO - Started process (PID=28228) to work on /home/ub/airflow/dags/ssh_practice.py
[2020-12-24 19:10:46,627] {scheduler_job.py:629} INFO - Processing file /home/ub/airflow/dags/ssh_practice.py for tasks to queue
[2020-12-24 19:10:46,627] {logging_mixin.py:103} INFO - [2020-12-24 19:10:46,627] {dagbag.py:440} INFO - Filling up the DagBag from /home/ub/airflow/dags/ssh_practice.py
[2020-12-24 19:10:46,668] {scheduler_job.py:639} INFO - DAG(s) dict_keys(['foodpanda']) retrieved from /home/ub/airflow/dags/ssh_practice.py
[2020-12-24 19:10:46,669] {logging_mixin.py:103} INFO - [2020-12-24 19:10:46,668] {dag.py:1813} INFO - Sync 1 DAGs
[2020-12-24 19:10:46,674] {logging_mixin.py:103} INFO - [2020-12-24 19:10:46,674] {dag.py:2266} INFO - Setting next_dagrun for foodpanda to 2020-12-25 10:28:29.151324+00:00
[2020-12-24 19:10:46,680] {scheduler_job.py:189} INFO - Processing /home/ub/airflow/dags/ssh_practice.py took 0.056 seconds
[2020-12-24 19:11:12,089] {scheduler_job.py:181} INFO - Started process (PID=28583) to work on /home/ub/airflow/dags/ssh_practice.py
[2020-12-24 19:11:12,090] {scheduler_job.py:629} INFO - Processing file /home/ub/airflow/dags/ssh_practice.py for tasks to queue
[2020-12-24 19:11:12,090] {logging_mixin.py:103} INFO - [2020-12-24 19:11:12,090] {dagbag.py:440} INFO - Filling up the DagBag from /home/ub/airflow/dags/ssh_practice.py
[2020-12-24 19:11:12,132] {scheduler_job.py:639} INFO - DAG(s) dict_keys(['foodpanda']) retrieved from /home/ub/airflow/dags/ssh_practice.py
[2020-12-24 19:11:12,133] {logging_mixin.py:103} INFO - [2020-12-24 19:11:12,133] {dag.py:1813} INFO - Sync 1 DAGs
[2020-12-24 19:11:12,139] {logging_mixin.py:103} INFO - [2020-12-24 19:11:12,139] {dag.py:2266} INFO - Setting next_dagrun for foodpanda to 2020-12-25 10:28:29.151324+00:00
[2020-12-24 19:11:12,145] {scheduler_job.py:189} INFO - Processing /home/ub/airflow/dags/ssh_practice.py took 0.057 seconds
[2020-12-24 19:11:38,021] {scheduler_job.py:181} INFO - Started process (PID=28946) to work on /home/ub/airflow/dags/ssh_practice.py
[2020-12-24 19:11:38,022] {scheduler_job.py:629} INFO - Processing file /home/ub/airflow/dags/ssh_practice.py for tasks to queue
[2020-12-24 19:11:38,022] {logging_mixin.py:103} INFO - [2020-12-24 19:11:38,022] {dagbag.py:440} INFO - Filling up the DagBag from /home/ub/airflow/dags/ssh_practice.py
[2020-12-24 19:11:38,062] {scheduler_job.py:639} INFO - DAG(s) dict_keys(['foodpanda']) retrieved from /home/ub/airflow/dags/ssh_practice.py
[2020-12-24 19:11:38,063] {logging_mixin.py:103} INFO - [2020-12-24 19:11:38,062] {dag.py:1813} INFO - Sync 1 DAGs
[2020-12-24 19:11:38,068] {logging_mixin.py:103} INFO - [2020-12-24 19:11:38,068] {dag.py:2266} INFO - Setting next_dagrun for foodpanda to 2020-12-25 10:28:29.151324+00:00
[2020-12-24 19:11:38,075] {scheduler_job.py:189} INFO - Processing /home/ub/airflow/dags/ssh_practice.py took 0.055 seconds
[2020-12-24 19:12:03,173] {scheduler_job.py:181} INFO - Started process (PID=29297) to work on /home/ub/airflow/dags/ssh_practice.py
[2020-12-24 19:12:03,174] {scheduler_job.py:629} INFO - Processing file /home/ub/airflow/dags/ssh_practice.py for tasks to queue
[2020-12-24 19:12:03,174] {logging_mixin.py:103} INFO - [2020-12-24 19:12:03,174] {dagbag.py:440} INFO - Filling up the DagBag from /home/ub/airflow/dags/ssh_practice.py
[2020-12-24 19:12:03,215] {scheduler_job.py:639} INFO - DAG(s) dict_keys(['foodpanda']) retrieved from /home/ub/airflow/dags/ssh_practice.py
[2020-12-24 19:12:03,216] {logging_mixin.py:103} INFO - [2020-12-24 19:12:03,216] {dag.py:1813} INFO - Sync 1 DAGs
[2020-12-24 19:12:03,222] {logging_mixin.py:103} INFO - [2020-12-24 19:12:03,221] {dag.py:2266} INFO - Setting next_dagrun for foodpanda to 2020-12-25 10:28:29.151324+00:00
[2020-12-24 19:12:03,228] {scheduler_job.py:189} INFO - Processing /home/ub/airflow/dags/ssh_practice.py took 0.056 seconds
[2020-12-24 19:12:29,332] {scheduler_job.py:181} INFO - Started process (PID=29600) to work on /home/ub/airflow/dags/ssh_practice.py
[2020-12-24 19:12:29,333] {scheduler_job.py:629} INFO - Processing file /home/ub/airflow/dags/ssh_practice.py for tasks to queue
[2020-12-24 19:12:29,333] {logging_mixin.py:103} INFO - [2020-12-24 19:12:29,333] {dagbag.py:440} INFO - Filling up the DagBag from /home/ub/airflow/dags/ssh_practice.py
[2020-12-24 19:12:29,375] {scheduler_job.py:639} INFO - DAG(s) dict_keys(['foodpanda']) retrieved from /home/ub/airflow/dags/ssh_practice.py
[2020-12-24 19:12:29,376] {logging_mixin.py:103} INFO - [2020-12-24 19:12:29,376] {dag.py:1813} INFO - Sync 1 DAGs
[2020-12-24 19:12:29,382] {logging_mixin.py:103} INFO - [2020-12-24 19:12:29,382] {dag.py:2266} INFO - Setting next_dagrun for foodpanda to 2020-12-25 10:28:29.151324+00:00
[2020-12-24 19:12:29,388] {scheduler_job.py:189} INFO - Processing /home/ub/airflow/dags/ssh_practice.py took 0.057 seconds
