[2020-12-24 16:45:18,630] {logging_mixin.py:103} INFO - Sending to executor.
[2020-12-24 16:45:18,631] {base_executor.py:79} INFO - Adding to queue: ['airflow', 'tasks', 'run', 'example_bash_operator', 'runme_0', '2015-01-01T00:00:00+00:00', '--local', '--pool', 'default_pool', '--subdir', '/home/ub/airflow/env/lib/python3.6/site-packages/airflow/example_dags/example_bash_operator.py']
[2020-12-24 16:45:18,631] {sequential_executor.py:59} INFO - Executing command: ['airflow', 'tasks', 'run', 'example_bash_operator', 'runme_0', '2015-01-01T00:00:00+00:00', '--local', '--pool', 'default_pool', '--subdir', '/home/ub/airflow/env/lib/python3.6/site-packages/airflow/example_dags/example_bash_operator.py']
[2020-12-24 16:45:19,086] {taskinstance.py:826} INFO - Dependencies all met for <TaskInstance: example_bash_operator.runme_0 2015-01-01T00:00:00+00:00 [None]>
[2020-12-24 16:45:19,089] {taskinstance.py:826} INFO - Dependencies all met for <TaskInstance: example_bash_operator.runme_0 2015-01-01T00:00:00+00:00 [None]>
[2020-12-24 16:45:19,089] {taskinstance.py:1017} INFO - 
--------------------------------------------------------------------------------
[2020-12-24 16:45:19,089] {taskinstance.py:1018} INFO - Starting attempt 1 of 1
[2020-12-24 16:45:19,089] {taskinstance.py:1019} INFO - 
--------------------------------------------------------------------------------
[2020-12-24 16:45:19,097] {taskinstance.py:1038} INFO - Executing <Task(BashOperator): runme_0> on 2015-01-01T00:00:00+00:00
[2020-12-24 16:45:19,098] {standard_task_runner.py:51} INFO - Started process 25765 to run task
[2020-12-24 16:45:19,101] {standard_task_runner.py:75} INFO - Running: ['airflow', 'tasks', 'run', 'example_bash_operator', 'runme_0', '2015-01-01T00:00:00+00:00', '--job-id', '2', '--pool', 'default_pool', '--raw', '--subdir', '/home/ub/airflow/env/lib/python3.6/site-packages/airflow/example_dags/example_bash_operator.py', '--cfg-path', '/tmp/tmpbv1ac0sd']
[2020-12-24 16:45:19,101] {standard_task_runner.py:76} INFO - Job 2: Subtask runme_0
[2020-12-24 16:45:19,144] {logging_mixin.py:103} INFO - Running <TaskInstance: example_bash_operator.runme_0 2015-01-01T00:00:00+00:00 [running]> on host dataiku
[2020-12-24 16:45:19,158] {taskinstance.py:1232} INFO - Exporting the following env vars:
AIRFLOW_CTX_DAG_OWNER=airflow
AIRFLOW_CTX_DAG_ID=example_bash_operator
AIRFLOW_CTX_TASK_ID=runme_0
AIRFLOW_CTX_EXECUTION_DATE=2015-01-01T00:00:00+00:00
[2020-12-24 16:45:19,158] {bash.py:135} INFO - Tmp dir root location: 
 /tmp
[2020-12-24 16:45:19,158] {bash.py:158} INFO - Running command: echo "example_bash_operator__runme_0__20150101" && sleep 1
[2020-12-24 16:45:19,161] {bash.py:169} INFO - Output:
[2020-12-24 16:45:19,161] {bash.py:173} INFO - example_bash_operator__runme_0__20150101
[2020-12-24 16:45:20,162] {bash.py:177} INFO - Command exited with return code 0
[2020-12-24 16:45:20,312] {taskinstance.py:1142} INFO - Marking task as SUCCESS. dag_id=example_bash_operator, task_id=runme_0, execution_date=20150101T000000, start_date=20201224T084519, end_date=20201224T084520
[2020-12-24 16:45:20,355] {local_task_job.py:118} INFO - Task exited with return code 1
