[2020-12-28 10:31:47,808] {taskinstance.py:826} INFO - Dependencies all met for <TaskInstance: foodpanda.t1 2020-12-28T02:31:45.531679+00:00 [queued]>
[2020-12-28 10:31:47,811] {taskinstance.py:826} INFO - Dependencies all met for <TaskInstance: foodpanda.t1 2020-12-28T02:31:45.531679+00:00 [queued]>
[2020-12-28 10:31:47,811] {taskinstance.py:1017} INFO - 
--------------------------------------------------------------------------------
[2020-12-28 10:31:47,811] {taskinstance.py:1018} INFO - Starting attempt 1 of 1
[2020-12-28 10:31:47,811] {taskinstance.py:1019} INFO - 
--------------------------------------------------------------------------------
[2020-12-28 10:31:47,819] {taskinstance.py:1038} INFO - Executing <Task(SSHOperator): t1> on 2020-12-28T02:31:45.531679+00:00
[2020-12-28 10:31:47,820] {standard_task_runner.py:51} INFO - Started process 22250 to run task
[2020-12-28 10:31:47,823] {standard_task_runner.py:75} INFO - Running: ['airflow', 'tasks', 'run', 'foodpanda', 't1', '2020-12-28T02:31:45.531679+00:00', '--job-id', '57', '--pool', 'default_pool', '--raw', '--subdir', 'DAGS_FOLDER/ssh_practice.py', '--cfg-path', '/tmp/tmpf4w0ukzm']
[2020-12-28 10:31:47,823] {standard_task_runner.py:76} INFO - Job 57: Subtask t1
[2020-12-28 10:31:47,839] {logging_mixin.py:103} INFO - Running <TaskInstance: foodpanda.t1 2020-12-28T02:31:45.531679+00:00 [running]> on host dataiku
[2020-12-28 10:31:47,853] {taskinstance.py:1232} INFO - Exporting the following env vars:
AIRFLOW_CTX_DAG_OWNER=arthur.sl.lin
AIRFLOW_CTX_DAG_ID=foodpanda
AIRFLOW_CTX_TASK_ID=t1
AIRFLOW_CTX_EXECUTION_DATE=2020-12-28T02:31:45.531679+00:00
AIRFLOW_CTX_DAG_RUN_ID=manual__2020-12-28T02:31:45.531679+00:00
[2020-12-28 10:31:47,853] {ssh.py:90} INFO - ssh_hook is not provided or invalid. Trying ssh_conn_id to create SSHHook.
[2020-12-28 10:31:47,856] {base.py:74} INFO - Using connection to: id: crawler_server. Host: 172.16.16.119, Port: 22, Schema: , Login: ub, Password: XXXXXXXX, extra: None
[2020-12-28 10:31:47,856] {ssh.py:197} WARNING - Remote Identification Change is not verified. This wont protect against Man-In-The-Middle attacks
[2020-12-28 10:31:47,856] {ssh.py:202} WARNING - No Host Key Verification. This wont protect against Man-In-The-Middle attacks
[2020-12-28 10:31:47,862] {transport.py:1819} INFO - Connected (version 2.0, client OpenSSH_7.6p1)
[2020-12-28 10:31:47,873] {transport.py:1819} INFO - Authentication (password) successful!
[2020-12-28 10:31:47,874] {ssh.py:109} INFO - Running command: echo "airflow"
[2020-12-28 10:31:48,052] {ssh.py:141} INFO - airflow
[2020-12-28 10:31:48,064] {taskinstance.py:1142} INFO - Marking task as SUCCESS. dag_id=foodpanda, task_id=t1, execution_date=20201228T023145, start_date=20201228T023147, end_date=20201228T023148
[2020-12-28 10:31:48,086] {taskinstance.py:1195} INFO - 1 downstream tasks scheduled from follow-on schedule check
[2020-12-28 10:31:48,114] {local_task_job.py:118} INFO - Task exited with return code 0
