[2020-12-25 15:37:36,220] {taskinstance.py:826} INFO - Dependencies all met for <TaskInstance: foodpanda.t2 2020-12-25T07:37:31.964392+00:00 [queued]>
[2020-12-25 15:37:36,223] {taskinstance.py:826} INFO - Dependencies all met for <TaskInstance: foodpanda.t2 2020-12-25T07:37:31.964392+00:00 [queued]>
[2020-12-25 15:37:36,223] {taskinstance.py:1017} INFO - 
--------------------------------------------------------------------------------
[2020-12-25 15:37:36,223] {taskinstance.py:1018} INFO - Starting attempt 1 of 1
[2020-12-25 15:37:36,223] {taskinstance.py:1019} INFO - 
--------------------------------------------------------------------------------
[2020-12-25 15:37:36,232] {taskinstance.py:1038} INFO - Executing <Task(SSHOperator): t2> on 2020-12-25T07:37:31.964392+00:00
[2020-12-25 15:37:36,234] {standard_task_runner.py:51} INFO - Started process 14224 to run task
[2020-12-25 15:37:36,236] {standard_task_runner.py:75} INFO - Running: ['airflow', 'tasks', 'run', 'foodpanda', 't2', '2020-12-25T07:37:31.964392+00:00', '--job-id', '52', '--pool', 'default_pool', '--raw', '--subdir', 'DAGS_FOLDER/ssh_practice.py', '--cfg-path', '/tmp/tmp5hs0w0bp']
[2020-12-25 15:37:36,237] {standard_task_runner.py:76} INFO - Job 52: Subtask t2
[2020-12-25 15:37:36,254] {logging_mixin.py:103} INFO - Running <TaskInstance: foodpanda.t2 2020-12-25T07:37:31.964392+00:00 [running]> on host dataiku
[2020-12-25 15:37:36,270] {taskinstance.py:1232} INFO - Exporting the following env vars:
AIRFLOW_CTX_DAG_OWNER=arthur.sl.lin
AIRFLOW_CTX_DAG_ID=foodpanda
AIRFLOW_CTX_TASK_ID=t2
AIRFLOW_CTX_EXECUTION_DATE=2020-12-25T07:37:31.964392+00:00
AIRFLOW_CTX_DAG_RUN_ID=manual__2020-12-25T07:37:31.964392+00:00
[2020-12-25 15:37:36,271] {ssh.py:90} INFO - ssh_hook is not provided or invalid. Trying ssh_conn_id to create SSHHook.
[2020-12-25 15:37:36,273] {base.py:74} INFO - Using connection to: id: crawler_server. Host: 172.16.16.119, Port: 22, Schema: , Login: ub, Password: XXXXXXXX, extra: None
[2020-12-25 15:37:36,274] {ssh.py:197} WARNING - Remote Identification Change is not verified. This wont protect against Man-In-The-Middle attacks
[2020-12-25 15:37:36,274] {ssh.py:202} WARNING - No Host Key Verification. This wont protect against Man-In-The-Middle attacks
[2020-12-25 15:37:36,278] {transport.py:1819} INFO - Connected (version 2.0, client OpenSSH_7.6p1)
[2020-12-25 15:37:36,287] {transport.py:1819} INFO - Authentication (password) successful!
[2020-12-25 15:37:36,288] {ssh.py:109} INFO - Running command: docker  ps -a 2>&1 | tee -a  test.txt
[2020-12-25 15:37:36,430] {ssh.py:141} INFO - CONTAINER ID        IMAGE                               COMMAND                  CREATED             STATUS                      PORTS               NAMES
e5de3414d54c        hello-world                         "/hello"                 2 seconds ago       Exited (0) 1 second ago                         determined_raman
0c498b847a99        hello-world                         "/hello"                 12 minutes ago      Exited (0) 12 minutes ago                       affectionate_spence
26b05ae85968        arthurtibame/foodpanda_scraper:v2   "scrapy crawl foodpa…"   5 hours ago         Up 5 hours                                      stoic_shockley
[2020-12-25 15:37:36,443] {taskinstance.py:1142} INFO - Marking task as SUCCESS. dag_id=foodpanda, task_id=t2, execution_date=20201225T073731, start_date=20201225T073736, end_date=20201225T073736
[2020-12-25 15:37:36,461] {taskinstance.py:1195} INFO - 1 downstream tasks scheduled from follow-on schedule check
[2020-12-25 15:37:36,488] {local_task_job.py:118} INFO - Task exited with return code 0
