[2020-12-25 15:56:19,146] {taskinstance.py:826} INFO - Dependencies all met for <TaskInstance: foodpanda.also_run_this 2020-12-25T07:56:15.080844+00:00 [queued]>
[2020-12-25 15:56:19,150] {taskinstance.py:826} INFO - Dependencies all met for <TaskInstance: foodpanda.also_run_this 2020-12-25T07:56:15.080844+00:00 [queued]>
[2020-12-25 15:56:19,150] {taskinstance.py:1017} INFO - 
--------------------------------------------------------------------------------
[2020-12-25 15:56:19,150] {taskinstance.py:1018} INFO - Starting attempt 1 of 1
[2020-12-25 15:56:19,150] {taskinstance.py:1019} INFO - 
--------------------------------------------------------------------------------
[2020-12-25 15:56:19,158] {taskinstance.py:1038} INFO - Executing <Task(BashOperator): also_run_this> on 2020-12-25T07:56:15.080844+00:00
[2020-12-25 15:56:19,160] {standard_task_runner.py:51} INFO - Started process 17540 to run task
[2020-12-25 15:56:19,162] {standard_task_runner.py:75} INFO - Running: ['airflow', 'tasks', 'run', 'foodpanda', 'also_run_this', '2020-12-25T07:56:15.080844+00:00', '--job-id', '64', '--pool', 'default_pool', '--raw', '--subdir', 'DAGS_FOLDER/ssh_practice.py', '--cfg-path', '/tmp/tmpwn52ri29']
[2020-12-25 15:56:19,163] {standard_task_runner.py:76} INFO - Job 64: Subtask also_run_this
[2020-12-25 15:56:19,180] {logging_mixin.py:103} INFO - Running <TaskInstance: foodpanda.also_run_this 2020-12-25T07:56:15.080844+00:00 [running]> on host dataiku
[2020-12-25 15:56:19,195] {taskinstance.py:1232} INFO - Exporting the following env vars:
AIRFLOW_CTX_DAG_OWNER=arthur.sl.lin
AIRFLOW_CTX_DAG_ID=foodpanda
AIRFLOW_CTX_TASK_ID=also_run_this
AIRFLOW_CTX_EXECUTION_DATE=2020-12-25T07:56:15.080844+00:00
AIRFLOW_CTX_DAG_RUN_ID=manual__2020-12-25T07:56:15.080844+00:00
[2020-12-25 15:56:19,195] {bash.py:135} INFO - Tmp dir root location: 
 /tmp
[2020-12-25 15:56:19,196] {bash.py:158} INFO - Running command: echo "run_id=manual__2020-12-25T07:56:15.080844+00:00 | dag_run=<DagRun foodpanda @ 2020-12-25 07:56:15.080844+00:00: manual__2020-12-25T07:56:15.080844+00:00, externally triggered: True>"
[2020-12-25 15:56:19,200] {bash.py:169} INFO - Output:
[2020-12-25 15:56:19,200] {bash.py:173} INFO - run_id=manual__2020-12-25T07:56:15.080844+00:00 | dag_run=<DagRun foodpanda @ 2020-12-25 07:56:15.080844+00:00: manual__2020-12-25T07:56:15.080844+00:00, externally triggered: True>
[2020-12-25 15:56:19,200] {bash.py:177} INFO - Command exited with return code 0
[2020-12-25 15:56:19,213] {taskinstance.py:1142} INFO - Marking task as SUCCESS. dag_id=foodpanda, task_id=also_run_this, execution_date=20201225T075615, start_date=20201225T075619, end_date=20201225T075619
[2020-12-25 15:56:19,232] {taskinstance.py:1195} INFO - 1 downstream tasks scheduled from follow-on schedule check
[2020-12-25 15:56:19,253] {local_task_job.py:118} INFO - Task exited with return code 0
