[2020-12-25 15:25:26,586] {taskinstance.py:826} INFO - Dependencies all met for <TaskInstance: foodpanda.t2 2020-12-25T07:25:22.552270+00:00 [queued]>
[2020-12-25 15:25:26,589] {taskinstance.py:826} INFO - Dependencies all met for <TaskInstance: foodpanda.t2 2020-12-25T07:25:22.552270+00:00 [queued]>
[2020-12-25 15:25:26,589] {taskinstance.py:1017} INFO - 
--------------------------------------------------------------------------------
[2020-12-25 15:25:26,589] {taskinstance.py:1018} INFO - Starting attempt 1 of 1
[2020-12-25 15:25:26,589] {taskinstance.py:1019} INFO - 
--------------------------------------------------------------------------------
[2020-12-25 15:25:26,599] {taskinstance.py:1038} INFO - Executing <Task(SSHOperator): t2> on 2020-12-25T07:25:22.552270+00:00
[2020-12-25 15:25:26,601] {standard_task_runner.py:51} INFO - Started process 12146 to run task
[2020-12-25 15:25:26,603] {standard_task_runner.py:75} INFO - Running: ['airflow', 'tasks', 'run', 'foodpanda', 't2', '2020-12-25T07:25:22.552270+00:00', '--job-id', '50', '--pool', 'default_pool', '--raw', '--subdir', 'DAGS_FOLDER/ssh_practice.py', '--cfg-path', '/tmp/tmpqkjkkwxi']
[2020-12-25 15:25:26,603] {standard_task_runner.py:76} INFO - Job 50: Subtask t2
[2020-12-25 15:25:26,621] {logging_mixin.py:103} INFO - Running <TaskInstance: foodpanda.t2 2020-12-25T07:25:22.552270+00:00 [running]> on host dataiku
[2020-12-25 15:25:26,636] {taskinstance.py:1232} INFO - Exporting the following env vars:
AIRFLOW_CTX_DAG_OWNER=arthur.sl.lin
AIRFLOW_CTX_DAG_ID=foodpanda
AIRFLOW_CTX_TASK_ID=t2
AIRFLOW_CTX_EXECUTION_DATE=2020-12-25T07:25:22.552270+00:00
AIRFLOW_CTX_DAG_RUN_ID=manual__2020-12-25T07:25:22.552270+00:00
[2020-12-25 15:25:26,637] {ssh.py:90} INFO - ssh_hook is not provided or invalid. Trying ssh_conn_id to create SSHHook.
[2020-12-25 15:25:26,639] {base.py:74} INFO - Using connection to: id: crawler_server. Host: 172.16.16.119, Port: 22, Schema: , Login: ub, Password: XXXXXXXX, extra: None
[2020-12-25 15:25:26,640] {ssh.py:197} WARNING - Remote Identification Change is not verified. This wont protect against Man-In-The-Middle attacks
[2020-12-25 15:25:26,640] {ssh.py:202} WARNING - No Host Key Verification. This wont protect against Man-In-The-Middle attacks
[2020-12-25 15:25:26,643] {transport.py:1819} INFO - Connected (version 2.0, client OpenSSH_7.6p1)
[2020-12-25 15:25:26,653] {transport.py:1819} INFO - Authentication (password) successful!
[2020-12-25 15:25:26,654] {ssh.py:109} INFO - Running command: docker  ps -a 2>&1 | tee -a  test.txt
[2020-12-25 15:25:26,788] {ssh.py:141} INFO - CONTAINER ID        IMAGE                               COMMAND                  CREATED             STATUS                    PORTS               NAMES
0c498b847a99        hello-world                         "/hello"                 1 second ago        Exited (0) 1 second ago                       affectionate_spence
26b05ae85968        arthurtibame/foodpanda_scraper:v2   "scrapy crawl foodpa…"   5 hours ago         Up 5 hours                                    stoic_shockley
[2020-12-25 15:25:26,800] {taskinstance.py:1142} INFO - Marking task as SUCCESS. dag_id=foodpanda, task_id=t2, execution_date=20201225T072522, start_date=20201225T072526, end_date=20201225T072526
[2020-12-25 15:25:26,817] {taskinstance.py:1195} INFO - 1 downstream tasks scheduled from follow-on schedule check
[2020-12-25 15:25:26,855] {local_task_job.py:118} INFO - Task exited with return code 0
