[2020-12-25 15:56:20,216] {taskinstance.py:826} INFO - Dependencies all met for <TaskInstance: foodpanda.t2 2020-12-25T07:56:15.080844+00:00 [queued]>
[2020-12-25 15:56:20,220] {taskinstance.py:826} INFO - Dependencies all met for <TaskInstance: foodpanda.t2 2020-12-25T07:56:15.080844+00:00 [queued]>
[2020-12-25 15:56:20,220] {taskinstance.py:1017} INFO - 
--------------------------------------------------------------------------------
[2020-12-25 15:56:20,220] {taskinstance.py:1018} INFO - Starting attempt 1 of 1
[2020-12-25 15:56:20,220] {taskinstance.py:1019} INFO - 
--------------------------------------------------------------------------------
[2020-12-25 15:56:20,229] {taskinstance.py:1038} INFO - Executing <Task(SSHOperator): t2> on 2020-12-25T07:56:15.080844+00:00
[2020-12-25 15:56:20,231] {standard_task_runner.py:51} INFO - Started process 17552 to run task
[2020-12-25 15:56:20,233] {standard_task_runner.py:75} INFO - Running: ['airflow', 'tasks', 'run', 'foodpanda', 't2', '2020-12-25T07:56:15.080844+00:00', '--job-id', '65', '--pool', 'default_pool', '--raw', '--subdir', 'DAGS_FOLDER/ssh_practice.py', '--cfg-path', '/tmp/tmp1rids1je']
[2020-12-25 15:56:20,234] {standard_task_runner.py:76} INFO - Job 65: Subtask t2
[2020-12-25 15:56:20,250] {logging_mixin.py:103} INFO - Running <TaskInstance: foodpanda.t2 2020-12-25T07:56:15.080844+00:00 [running]> on host dataiku
[2020-12-25 15:56:20,264] {taskinstance.py:1232} INFO - Exporting the following env vars:
AIRFLOW_CTX_DAG_OWNER=arthur.sl.lin
AIRFLOW_CTX_DAG_ID=foodpanda
AIRFLOW_CTX_TASK_ID=t2
AIRFLOW_CTX_EXECUTION_DATE=2020-12-25T07:56:15.080844+00:00
AIRFLOW_CTX_DAG_RUN_ID=manual__2020-12-25T07:56:15.080844+00:00
[2020-12-25 15:56:20,264] {ssh.py:90} INFO - ssh_hook is not provided or invalid. Trying ssh_conn_id to create SSHHook.
[2020-12-25 15:56:20,266] {base.py:74} INFO - Using connection to: id: crawler_server. Host: 172.16.16.119, Port: 22, Schema: , Login: ub, Password: XXXXXXXX, extra: None
[2020-12-25 15:56:20,267] {ssh.py:197} WARNING - Remote Identification Change is not verified. This wont protect against Man-In-The-Middle attacks
[2020-12-25 15:56:20,267] {ssh.py:202} WARNING - No Host Key Verification. This wont protect against Man-In-The-Middle attacks
[2020-12-25 15:56:20,271] {transport.py:1819} INFO - Connected (version 2.0, client OpenSSH_7.6p1)
[2020-12-25 15:56:20,281] {transport.py:1819} INFO - Authentication (password) successful!
[2020-12-25 15:56:20,281] {ssh.py:109} INFO - Running command: docker  ps -a 2>&1 | tee -a  test.txt
[2020-12-25 15:56:20,465] {ssh.py:141} INFO - CONTAINER ID        IMAGE                               COMMAND                  CREATED             STATUS                      PORTS               NAMES
0ceb726ad086        hello-world                         "/hello"                 15 minutes ago      Exited (0) 15 minutes ago                       friendly_hellman
e5de3414d54c        hello-world                         "/hello"                 18 minutes ago      Exited (0) 18 minutes ago                       determined_raman
0c498b847a99        hello-world                         "/hello"                 30 minutes ago      Exited (0) 30 minutes ago                       affectionate_spence
26b05ae85968        arthurtibame/foodpanda_scraper:v2   "scrapy crawl foodpa…"   5 hours ago         Up 5 hours                                      stoic_shockley
[2020-12-25 15:56:20,504] {taskinstance.py:1142} INFO - Marking task as SUCCESS. dag_id=foodpanda, task_id=t2, execution_date=20201225T075615, start_date=20201225T075620, end_date=20201225T075620
[2020-12-25 15:56:20,520] {taskinstance.py:1195} INFO - 1 downstream tasks scheduled from follow-on schedule check
[2020-12-25 15:56:20,525] {local_task_job.py:118} INFO - Task exited with return code 0
