[2020-12-25 16:46:53,414] {taskinstance.py:826} INFO - Dependencies all met for <TaskInstance: foodpanda.t1 2020-12-25T08:46:50.929668+00:00 [queued]>
[2020-12-25 16:46:53,417] {taskinstance.py:826} INFO - Dependencies all met for <TaskInstance: foodpanda.t1 2020-12-25T08:46:50.929668+00:00 [queued]>
[2020-12-25 16:46:53,417] {taskinstance.py:1017} INFO - 
--------------------------------------------------------------------------------
[2020-12-25 16:46:53,417] {taskinstance.py:1018} INFO - Starting attempt 1 of 1
[2020-12-25 16:46:53,417] {taskinstance.py:1019} INFO - 
--------------------------------------------------------------------------------
[2020-12-25 16:46:53,426] {taskinstance.py:1038} INFO - Executing <Task(SSHOperator): t1> on 2020-12-25T08:46:50.929668+00:00
[2020-12-25 16:46:53,428] {standard_task_runner.py:51} INFO - Started process 26826 to run task
[2020-12-25 16:46:53,430] {standard_task_runner.py:75} INFO - Running: ['airflow', 'tasks', 'run', 'foodpanda', 't1', '2020-12-25T08:46:50.929668+00:00', '--job-id', '47', '--pool', 'default_pool', '--raw', '--subdir', 'DAGS_FOLDER/ssh_practice.py', '--cfg-path', '/tmp/tmpvkzaonzn']
[2020-12-25 16:46:53,431] {standard_task_runner.py:76} INFO - Job 47: Subtask t1
[2020-12-25 16:46:53,446] {logging_mixin.py:103} INFO - Running <TaskInstance: foodpanda.t1 2020-12-25T08:46:50.929668+00:00 [running]> on host dataiku
[2020-12-25 16:46:53,461] {taskinstance.py:1232} INFO - Exporting the following env vars:
AIRFLOW_CTX_DAG_OWNER=arthur.sl.lin
AIRFLOW_CTX_DAG_ID=foodpanda
AIRFLOW_CTX_TASK_ID=t1
AIRFLOW_CTX_EXECUTION_DATE=2020-12-25T08:46:50.929668+00:00
AIRFLOW_CTX_DAG_RUN_ID=manual__2020-12-25T08:46:50.929668+00:00
[2020-12-25 16:46:53,462] {ssh.py:90} INFO - ssh_hook is not provided or invalid. Trying ssh_conn_id to create SSHHook.
[2020-12-25 16:46:53,464] {base.py:74} INFO - Using connection to: id: crawler_server. Host: 172.16.16.119, Port: 22, Schema: , Login: ub, Password: XXXXXXXX, extra: None
[2020-12-25 16:46:53,464] {ssh.py:197} WARNING - Remote Identification Change is not verified. This wont protect against Man-In-The-Middle attacks
[2020-12-25 16:46:53,465] {ssh.py:202} WARNING - No Host Key Verification. This wont protect against Man-In-The-Middle attacks
[2020-12-25 16:46:53,468] {transport.py:1819} INFO - Connected (version 2.0, client OpenSSH_7.6p1)
[2020-12-25 16:46:53,478] {transport.py:1819} INFO - Authentication (password) successful!
[2020-12-25 16:46:53,479] {ssh.py:109} INFO - Running command: echo "airflow"
[2020-12-25 16:46:53,596] {ssh.py:141} INFO - airflow
[2020-12-25 16:46:53,607] {taskinstance.py:1142} INFO - Marking task as SUCCESS. dag_id=foodpanda, task_id=t1, execution_date=20201225T084650, start_date=20201225T084653, end_date=20201225T084653
[2020-12-25 16:46:53,626] {taskinstance.py:1195} INFO - 1 downstream tasks scheduled from follow-on schedule check
[2020-12-25 16:46:53,645] {local_task_job.py:118} INFO - Task exited with return code 0
