[2020-12-25 15:05:09,181] {taskinstance.py:826} INFO - Dependencies all met for <TaskInstance: foodpanda.t1 2020-12-25T07:05:06.224827+00:00 [queued]>
[2020-12-25 15:05:09,184] {taskinstance.py:826} INFO - Dependencies all met for <TaskInstance: foodpanda.t1 2020-12-25T07:05:06.224827+00:00 [queued]>
[2020-12-25 15:05:09,184] {taskinstance.py:1017} INFO - 
--------------------------------------------------------------------------------
[2020-12-25 15:05:09,184] {taskinstance.py:1018} INFO - Starting attempt 1 of 1
[2020-12-25 15:05:09,184] {taskinstance.py:1019} INFO - 
--------------------------------------------------------------------------------
[2020-12-25 15:05:09,194] {taskinstance.py:1038} INFO - Executing <Task(SSHOperator): t1> on 2020-12-25T07:05:06.224827+00:00
[2020-12-25 15:05:09,195] {standard_task_runner.py:51} INFO - Started process 8626 to run task
[2020-12-25 15:05:09,197] {standard_task_runner.py:75} INFO - Running: ['airflow', 'tasks', 'run', 'foodpanda', 't1', '2020-12-25T07:05:06.224827+00:00', '--job-id', '51', '--pool', 'default_pool', '--raw', '--subdir', 'DAGS_FOLDER/ssh_practice.py', '--cfg-path', '/tmp/tmpv5qurtep']
[2020-12-25 15:05:09,198] {standard_task_runner.py:76} INFO - Job 51: Subtask t1
[2020-12-25 15:05:09,214] {logging_mixin.py:103} INFO - Running <TaskInstance: foodpanda.t1 2020-12-25T07:05:06.224827+00:00 [running]> on host dataiku
[2020-12-25 15:05:09,220] {taskinstance.py:1396} ERROR - expected token ',', got 'run'
Traceback (most recent call last):
  File "/home/ub/airflow/env/lib/python3.6/site-packages/airflow/models/taskinstance.py", line 1086, in _run_raw_task
    self._prepare_and_execute_task_with_callbacks(context, task)
  File "/home/ub/airflow/env/lib/python3.6/site-packages/airflow/models/taskinstance.py", line 1224, in _prepare_and_execute_task_with_callbacks
    self.render_templates(context=context)
  File "/home/ub/airflow/env/lib/python3.6/site-packages/airflow/models/taskinstance.py", line 1684, in render_templates
    self.task.render_template_fields(context)
  File "/home/ub/airflow/env/lib/python3.6/site-packages/airflow/models/baseoperator.py", line 857, in render_template_fields
    self._do_render_template_fields(self, self.template_fields, context, jinja_env, set())
  File "/home/ub/airflow/env/lib/python3.6/site-packages/airflow/models/baseoperator.py", line 870, in _do_render_template_fields
    rendered_content = self.render_template(content, context, jinja_env, seen_oids)
  File "/home/ub/airflow/env/lib/python3.6/site-packages/airflow/models/baseoperator.py", line 907, in render_template
    return jinja_env.from_string(content).render(**context)
  File "/home/ub/airflow/env/lib/python3.6/site-packages/jinja2/environment.py", line 941, in from_string
    return cls.from_code(self, self.compile(source), globals, None)
  File "/home/ub/airflow/env/lib/python3.6/site-packages/jinja2/environment.py", line 638, in compile
    self.handle_exception(source=source_hint)
  File "/home/ub/airflow/env/lib/python3.6/site-packages/jinja2/environment.py", line 832, in handle_exception
    reraise(*rewrite_traceback_stack(source=source))
  File "/home/ub/airflow/env/lib/python3.6/site-packages/jinja2/_compat.py", line 28, in reraise
    raise value.with_traceback(tb)
  File "<unknown>", line 1, in template
jinja2.exceptions.TemplateSyntaxError: expected token ',', got 'run'
[2020-12-25 15:05:09,221] {taskinstance.py:1440} INFO - Marking task as FAILED. dag_id=foodpanda, task_id=t1, execution_date=20201225T070506, start_date=20201225T070509, end_date=20201225T070509
[2020-12-25 15:05:09,249] {local_task_job.py:118} INFO - Task exited with return code 1
