[2020-12-25 14:54:51,939] {taskinstance.py:826} INFO - Dependencies all met for <TaskInstance: foodpanda.t2 2020-12-25T06:54:46.277821+00:00 [queued]>
[2020-12-25 14:54:51,943] {taskinstance.py:826} INFO - Dependencies all met for <TaskInstance: foodpanda.t2 2020-12-25T06:54:46.277821+00:00 [queued]>
[2020-12-25 14:54:51,943] {taskinstance.py:1017} INFO - 
--------------------------------------------------------------------------------
[2020-12-25 14:54:51,943] {taskinstance.py:1018} INFO - Starting attempt 1 of 1
[2020-12-25 14:54:51,943] {taskinstance.py:1019} INFO - 
--------------------------------------------------------------------------------
[2020-12-25 14:54:51,951] {taskinstance.py:1038} INFO - Executing <Task(SSHOperator): t2> on 2020-12-25T06:54:46.277821+00:00
[2020-12-25 14:54:51,952] {standard_task_runner.py:51} INFO - Started process 6791 to run task
[2020-12-25 14:54:51,955] {standard_task_runner.py:75} INFO - Running: ['airflow', 'tasks', 'run', 'foodpanda', 't2', '2020-12-25T06:54:46.277821+00:00', '--job-id', '46', '--pool', 'default_pool', '--raw', '--subdir', 'DAGS_FOLDER/ssh_practice.py', '--cfg-path', '/tmp/tmpv2y23unx']
[2020-12-25 14:54:51,955] {standard_task_runner.py:76} INFO - Job 46: Subtask t2
[2020-12-25 14:54:51,972] {logging_mixin.py:103} INFO - Running <TaskInstance: foodpanda.t2 2020-12-25T06:54:46.277821+00:00 [running]> on host dataiku
[2020-12-25 14:54:51,987] {taskinstance.py:1232} INFO - Exporting the following env vars:
AIRFLOW_CTX_DAG_OWNER=arthur.sl.lin
AIRFLOW_CTX_DAG_ID=foodpanda
AIRFLOW_CTX_TASK_ID=t2
AIRFLOW_CTX_EXECUTION_DATE=2020-12-25T06:54:46.277821+00:00
AIRFLOW_CTX_DAG_RUN_ID=manual__2020-12-25T06:54:46.277821+00:00
[2020-12-25 14:54:51,987] {ssh.py:90} INFO - ssh_hook is not provided or invalid. Trying ssh_conn_id to create SSHHook.
[2020-12-25 14:54:51,990] {base.py:74} INFO - Using connection to: id: crawler_server. Host: 172.16.16.119, Port: 22, Schema: , Login: ub, Password: XXXXXXXX, extra: None
[2020-12-25 14:54:51,990] {ssh.py:197} WARNING - Remote Identification Change is not verified. This wont protect against Man-In-The-Middle attacks
[2020-12-25 14:54:51,990] {ssh.py:202} WARNING - No Host Key Verification. This wont protect against Man-In-The-Middle attacks
[2020-12-25 14:54:51,994] {transport.py:1819} INFO - Connected (version 2.0, client OpenSSH_7.6p1)
[2020-12-25 14:54:52,003] {transport.py:1819} INFO - Authentication (password) successful!
[2020-12-25 14:54:52,003] {ssh.py:109} INFO - Running command: docker  ps -a 2>&1 | tee -a  test.txt
[2020-12-25 14:54:52,193] {ssh.py:141} INFO - CONTAINER ID        IMAGE                               COMMAND                  CREATED             STATUS                      PORTS               NAMES
7c781eef6398        hello-world                         "None"                   10 minutes ago      Created                                         suspicious_hoover
34e09e15c849        hello-world                         "/hello"                 19 minutes ago      Exited (0) 19 minutes ago                       wonderful_maxwell
6e752fa9a693        hello-world                         "/hello"                 33 minutes ago      Exited (0) 33 minutes ago                       awesome_ride
097b62a22ebc        hello-world                         "/hello"                 56 minutes ago      Exited (0) 56 minutes ago                       nifty_varahamihira
ae92f1a60dcb        hello-world                         "/hello"                 56 minutes ago      Exited (0) 56 minutes ago                       nervous_haslett
6f0f99722163        hello-world                         "/hello"                 3 hours ago         Exited (0) 3 hours ago                          sharp_franklin
26b05ae85968        arthurtibame/foodpanda_scraper:v2   "scrapy crawl foodpa…"   4 hours ago         Up 4 hours                                      stoic_shockley
[2020-12-25 14:54:52,205] {taskinstance.py:1142} INFO - Marking task as SUCCESS. dag_id=foodpanda, task_id=t2, execution_date=20201225T065446, start_date=20201225T065451, end_date=20201225T065452
[2020-12-25 14:54:52,223] {taskinstance.py:1195} INFO - 1 downstream tasks scheduled from follow-on schedule check
[2020-12-25 14:54:52,246] {local_task_job.py:118} INFO - Task exited with return code 0
