[2020-12-24 18:24:22,465] {taskinstance.py:826} INFO - Dependencies all met for <TaskInstance: foodpanda.t1 2020-12-24T10:23:57.466564+00:00 [queued]>
[2020-12-24 18:24:22,469] {taskinstance.py:826} INFO - Dependencies all met for <TaskInstance: foodpanda.t1 2020-12-24T10:23:57.466564+00:00 [queued]>
[2020-12-24 18:24:22,469] {taskinstance.py:1017} INFO - 
--------------------------------------------------------------------------------
[2020-12-24 18:24:22,469] {taskinstance.py:1018} INFO - Starting attempt 1 of 1
[2020-12-24 18:24:22,469] {taskinstance.py:1019} INFO - 
--------------------------------------------------------------------------------
[2020-12-24 18:24:22,481] {taskinstance.py:1038} INFO - Executing <Task(SSHOperator): t1> on 2020-12-24T10:23:57.466564+00:00
[2020-12-24 18:24:22,482] {standard_task_runner.py:51} INFO - Started process 11238 to run task
[2020-12-24 18:24:22,485] {standard_task_runner.py:75} INFO - Running: ['airflow', 'tasks', 'run', 'foodpanda', 't1', '2020-12-24T10:23:57.466564+00:00', '--job-id', '24', '--pool', 'default_pool', '--raw', '--subdir', 'DAGS_FOLDER/foodpanda.py', '--cfg-path', '/tmp/tmpaasw2nyr']
[2020-12-24 18:24:22,485] {standard_task_runner.py:76} INFO - Job 24: Subtask t1
[2020-12-24 18:24:22,502] {logging_mixin.py:103} INFO - Running <TaskInstance: foodpanda.t1 2020-12-24T10:23:57.466564+00:00 [running]> on host dataiku
[2020-12-24 18:24:22,516] {taskinstance.py:1232} INFO - Exporting the following env vars:
AIRFLOW_CTX_DAG_OWNER=arthur.sl.lin
AIRFLOW_CTX_DAG_ID=foodpanda
AIRFLOW_CTX_TASK_ID=t1
AIRFLOW_CTX_EXECUTION_DATE=2020-12-24T10:23:57.466564+00:00
AIRFLOW_CTX_DAG_RUN_ID=manual__2020-12-24T10:23:57.466564+00:00
[2020-12-24 18:24:22,517] {ssh.py:197} WARNING - Remote Identification Change is not verified. This wont protect against Man-In-The-Middle attacks
[2020-12-24 18:24:22,517] {ssh.py:202} WARNING - No Host Key Verification. This wont protect against Man-In-The-Middle attacks
[2020-12-24 18:24:22,520] {transport.py:1819} INFO - Connected (version 2.0, client OpenSSH_7.6p1)
[2020-12-24 18:24:22,531] {transport.py:1819} INFO - Authentication (password) successful!
[2020-12-24 18:24:22,532] {ssh.py:109} INFO - Running command: cat foodpanda_crawler/start.sh  > test.txt
[2020-12-24 18:24:22,660] {taskinstance.py:1142} INFO - Marking task as SUCCESS. dag_id=foodpanda, task_id=t1, execution_date=20201224T102357, start_date=20201224T102422, end_date=20201224T102422
[2020-12-24 18:24:22,697] {local_task_job.py:118} INFO - Task exited with return code 1
