[2020-12-24 18:24:48,644] {taskinstance.py:826} INFO - Dependencies all met for <TaskInstance: foodpanda.t1 2020-12-24T10:24:45.130650+00:00 [queued]>
[2020-12-24 18:24:48,647] {taskinstance.py:826} INFO - Dependencies all met for <TaskInstance: foodpanda.t1 2020-12-24T10:24:45.130650+00:00 [queued]>
[2020-12-24 18:24:48,648] {taskinstance.py:1017} INFO - 
--------------------------------------------------------------------------------
[2020-12-24 18:24:48,648] {taskinstance.py:1018} INFO - Starting attempt 1 of 1
[2020-12-24 18:24:48,648] {taskinstance.py:1019} INFO - 
--------------------------------------------------------------------------------
[2020-12-24 18:24:48,656] {taskinstance.py:1038} INFO - Executing <Task(SSHOperator): t1> on 2020-12-24T10:24:45.130650+00:00
[2020-12-24 18:24:48,658] {standard_task_runner.py:51} INFO - Started process 11290 to run task
[2020-12-24 18:24:48,659] {standard_task_runner.py:75} INFO - Running: ['airflow', 'tasks', 'run', 'foodpanda', 't1', '2020-12-24T10:24:45.130650+00:00', '--job-id', '25', '--pool', 'default_pool', '--raw', '--subdir', 'DAGS_FOLDER/foodpanda.py', '--cfg-path', '/tmp/tmp0yjr_f1s']
[2020-12-24 18:24:48,660] {standard_task_runner.py:76} INFO - Job 25: Subtask t1
[2020-12-24 18:24:48,679] {logging_mixin.py:103} INFO - Running <TaskInstance: foodpanda.t1 2020-12-24T10:24:45.130650+00:00 [running]> on host dataiku
[2020-12-24 18:24:48,694] {taskinstance.py:1232} INFO - Exporting the following env vars:
AIRFLOW_CTX_DAG_OWNER=arthur.sl.lin
AIRFLOW_CTX_DAG_ID=foodpanda
AIRFLOW_CTX_TASK_ID=t1
AIRFLOW_CTX_EXECUTION_DATE=2020-12-24T10:24:45.130650+00:00
AIRFLOW_CTX_DAG_RUN_ID=manual__2020-12-24T10:24:45.130650+00:00
[2020-12-24 18:24:48,695] {ssh.py:197} WARNING - Remote Identification Change is not verified. This wont protect against Man-In-The-Middle attacks
[2020-12-24 18:24:48,695] {ssh.py:202} WARNING - No Host Key Verification. This wont protect against Man-In-The-Middle attacks
[2020-12-24 18:24:48,698] {transport.py:1819} INFO - Connected (version 2.0, client OpenSSH_7.6p1)
[2020-12-24 18:24:48,708] {transport.py:1819} INFO - Authentication (password) successful!
[2020-12-24 18:24:48,709] {ssh.py:109} INFO - Running command: cat foodpanda_crawler/start.sh  > test.txt
[2020-12-24 18:24:48,886] {taskinstance.py:1142} INFO - Marking task as SUCCESS. dag_id=foodpanda, task_id=t1, execution_date=20201224T102445, start_date=20201224T102448, end_date=20201224T102448
[2020-12-24 18:24:48,911] {local_task_job.py:118} INFO - Task exited with return code 1
